[    0.00000]niializingcgup subsys cpuset
[    0.00000 Itializi crop subsys u[    0.0000 Initiiznggrp suyspuac
   00000 Lnuvesion.4-57-nec (buddgw01-54) (gcc version 5.4.0 20160609 (Ubuntu 5.4.0-6ubuntu1~16.04.4) ) #78-Ubuntu SMP Fri Dec 9 23:50:32 UTC 206 bunt4..0-57.8-neic 4.435
[   0.000] Cmmd ine: OOIMGE=/bot/liuz-4.057-gnerc rootLABELcloudmgoofs ro cnse=ty1 onlettyS0[   0.00000KERNL pprtedcp:
[   00000]  Inl Genunetel
[    0.0000   AD thencAD
[    0.00000]  enaur enuraus[   0.0000 x86/fp xtateoffset[2]:  576, xstate_sze[2]:  25
[    0.000] x86fp Supportin XSA fture0x: x87 fatngpot egiste'
[    0.0000] x8/f: Suorng XSAVE featre 002'SSE egtes'
  0.0000] 6/fp SpporinXSVE featue x04:'AVX registers'
[    000000] x/fu: Ebld xsatfetures x7 ctext sizis 8 bes, sing 'stndrd' foma
    .000] x8fpu:Usin 'zy FU onexswches.[   0.000]e820: BIS-ovided pysalRAM p:
[   0.0000 BIOS-820:[mem 0000000000000-00000009fff] usab
    0.00000] BIS-e820:me 0x00000009fc0-000000009fff] reerd
[  000000] IOe820: me0x00000000000000x00000000fffff] rseed
[   000000 BS-82 [em 0000000000000-0x000000fefff] usale
[   0.0000] IOe80: [me 0000000ff00-0x00003fffff API dta[   0.0000] IOe820: [m 0000000ffc00x0000000ffffffreerved[   .0000]NX (EecuteDiabe)procton: actve
[   .000 SMBS .5 pest.
[    00000] Hypevir etecedKV
[    .000] e820lat_fn 03fffmaarchfn 0x40000
[   00000]TR Disle
[    0000] x/PA: MTRRs disabled, skippin PAT initialization too.
[    0.000000] x86/PAT: Configuration [0-7]: WB  WT  UC- UC  WB  WT  UC- UC  
[    0.000000] CPU MTRRs all blank - virtualized system.
[    0.000000] found SMP M-tblat [m 0009fff0-000ffff] mapped at [ffff88000009ff][   0.000] Scanning 1 ares r low mo corupon
[   .00000] RAMDIK: [mem x382000x5bfff][   0.00000ACPI: rltablehecksu verficaion disabled
[   0.00000] ACP: DP0x0000000E000 002 (v02 OX)
[  000000]CP XSD0x000000FF030 0003(v1 VOX VOXXT 000001AS 00000)[   .00000 AI:FACP0x000003FF0F0 0000F4 (v04 VOX   VXFP 000001 AL  00000061)
[    0.000000] ACPI: DSDT 0x000000003FFF0470 001E0B (v01 VBOX   VBOXBIOS 00000002 INTL 20100528)
[    0.000000] ACPI: FACS 0x000000003FFF0200 000040
[    0.000000] ACPI: FACS 0x000000003FFF0200 000040
[    0.000000] ACI: API0x000003F040 0005Cv0 VBOX   VBOXPIC 00001 SL  00001)
[   00000]CP  SS 000000003FFF0A0 01C (v01 VB   VXCT 00000INTL01528)
[   0000 NNUMA cfiuratio fnd
[   .0000] Fki anodet em 0x000000000000-0x00003fffff]    0000] NODE_DTA0) allcad [mm 3feb000-0x3fffff][   0.0000 kvm-clockUsng ms 564d1 d b564d00
  0.0000] m-lock: cpu , mr 0:3ffe300, primry cpu coc
[   0.0000 k-cock uing sche offse of 2948367000 cycles
[    0.000000] clocksource: kvm-clock: mask: 0xffffffffffffffff max_cycles: 0x1cd42e4dffb, max_idle_ns: 881590591483 ns
[    0.000000] Zone ranges:
[    0.000000]   DMA      [mem 0x0000000000000-0x0000000000ffff][   0.000]   DMA32   [mem0x0000001000-0000000003ffeffff]
[    00000]  Normal   empty
[  0.0000  Device  emty
  0.0000]Moble netart fr ch node
[    0.00000] Earl mory ndeanes   0.00000  node 0[mem 0x00000000010-0x00000000009ef][    00000]   ode   0 [mem 0x000001000-0x000003ffeff]
[  0.0000] Intm setup node 0 [em 000000000000-0x00000003ffeffff]
[    0.00000] ACPI:PM-TierO Po: 4008[   0.00] IOIC]: api_i2, vsi 17, adrs xfec0000, SI 0-23[   0.000]CP INT_SRCVR(bus 0 bs_rq0 obalir2 fl d)[   0.000]AC: IN_SC_OVR (us 0 bs_irq 9glba_irq 9hi level
   000000]sig ACPI (MADT) for SP nfigatn inrmtion
  0.00000]smbo: Alwi 2 CPU,  htplug CUs
[    0000] PM: egtered noav memor: me0x0000-0x0000f]
[    00000] : Reistered novememoy:me 0x09f000x09fff]
  0.00000]M:Registerd osave moy: [mem x0a000-000ffff
[   0.000000PM: Regstednosavemery: [m 0000f00x000ffff
    0.000000] e820: [mem 0x40000000-0xfffbffff] available for PCI devices
[    0.00000] Botg paavtulized krnl on VM
[    0.000000] clocksource: refined-jiffies: mask: 0xffffffff max_cycles: 0xffffffff, max_idle_ns: 7645519600211568 ns
[    0.000000] setup_percpu: NR_CPUS:512 nr_cpumask_bits:512 nr_cpu_ids:2 nr_node_ids:1
[    0.000000] PERCPU: Embedded 33 pages/cpu @ffff88003fc00000 s98264 r812 d282 108576
  0.00000]V qsinlockhah talentres: 56orer: 0, 496ytes)[   0.000000]Buil 1zolistinode orer mbilitygrping o. otl paes257913[   .0000] Poliy ne: MA
    0.00000 Kernel command line: BOOT_IMAGE=/boot/vmlinz-.4.057enric rotLABE=cloimrootfsroonsoe=y1consol=tS0
[   .0000] PIha table ntes 406 rdr: 3 376 bte
[    0.0000]Memor: 0212K/4820 ailble(82Kkernl de, 29 rdata, 360Krodata, 484Kint,1316K ss45996Kesved, K a-eserve)[    00000] SLU: Wagn=6 Oer=0- MObjects=, Us=2 Nde1
[   .0000]iearchialCUimemtation.[  0.000] 	Bud-ime adjtmnt of leaffautto 64.
  0.000]RCU esicing PUfrom N_CS=12 to r_u_ids=2
  0.000000] RCU Ausng geotr forcuanout_leaf64 nr_cp_is=
[    0.000] NRIR:3024 nr_iqs40 16[   0.00] Cosoe:colou VGA+ 8x2
[   0.000] conol [ty1]enle
[   0.0000coole [yS] enabed
[    0.000000] tsc: Detected 2194.918 MHz processor
[   22.707795] Calibrating delay loop (skipped) preset value.. 4389.83 BogoMIPS (lpj=8779672)
[   22.864956] pid_max: default: 32768 minimum: 301
[   22.955565] ACPI: Core revision 20150930
[   23.045359] ACPI: 2 ACPI AML tables successfully acquired and loaded
[   23.158470] Security Framework initialized
[   23.237034] Yama: becoming mindful.
[   23.260239] AppArmor: AppArmor initialized
[   23.290860] Dentry cache hash table entries: 131072 (order: 8, 1048576 bytes)
[   23.387609] Inode-cache hash table entries: 65536 (order: 7, 524288 bytes)
[   23.517110] Mount-cache hash table entries: 2048 (order: 2, 16384 bytes)
[   23.615672] Mountpoint-cache hash table entries: 2048 (order: 2, 16384 bytes)
[   23.750928] Initializing cgroup subsys io
[   23.823159] Initializing cgroup subsys memory
[   23.915616] Initializing cgroup subsys devices
[   24.009064] Initializing cgroup subsys freezer
[   24.090845] Initializing cgroup subsys net_cls
[   24.183603] Initializing cgroup subsys perf_event
[   24.251810] Initializing cgroup subsys net_prio
[   24.339498] Initializing cgroup subsys hugetlb
[   24.383732] Initializing cgroup subsys pids
[   24.448818] CPU: Physical Processor ID: 0
[   24.507897] CPU: Processor Core ID: 0
[   24.575663] mce: CPU supports 0 MCE banks
[   24.618232] Last level iTLB entries: 4KB 1024, 2MB 1024, 4MB 1024
[   24.728776] Last level dTLB entries: 4KB 1024, 2MB 1024, 4MB 1024, 1GB 4
[   24.759224] Freeing SMP alternatives memory: 32K (ffffffff820b7000 - ffffffff820bf000)
[   24.797351] ftrace: allocating 32063 entries in 126 pages
[   24.938797] smpboot: APIC(0) Converting physical 0 to logical package 0
[   25.089151] smpboot: Max logical packages: 1
[   25.159283] ..TIMER: vector=0x30 apic1=0 pin1=2 apic2=-1 pin2=-1
[   25.403377] smpboot: CPU0: Intel(R) Core(TM) i7-4770HQ CPU @ 2.20GHz (family: 0x6, model: 0x46, stepping: 0x1)
[   25.472945] Performance Events: unsupported p6 CPU model 70 no PMU driver, software events only.
[   25.474699] KVM setup paravirtual spinlock
[   25.496213] x86: Booting SMP configuration:
[   25.577015] .... node  #0, CPUs:      #1
[   25.654368] kvm-clock: cpu 1, msr 0:3ffe3041, secondary cpu clock
[   25.750283] mce: CPU supports 0 MCE banks
[   25.760125] x86: Booted up 1 node, 2 CPUs
[   25.821692] smpboot: Total of 2 processors activated (8779.67 BogoMIPS)
[   25.930612] devtmpfs: initialized
[   25.986698] evm: security.selinux
[   26.036217] evm: security.SMACK64
[   26.078676] evm: security.SMACK64EXEC
[   26.133241] evm: security.SMACK64TRANSMUTE
[   26.205424] evm: security.SMACK64MMAP
[   26.277606] evm: security.ima
[   26.332279] evm: security.capability
[   26.388449] clocksource: jiffies: mask: 0xffffffff max_cycles: 0xffffffff, max_idle_ns: 7645041785100000 ns
[   26.528705] pinctrl core: initialized pinctrl subsystem
[   26.558199] RTC time: 23:09:09, date: 01/11/17
[   26.561799] NET: Registered protocol family 16
[   26.571883] cpuidle: using governor ladder
[   26.660445] cpuidle: using governor menu
[   26.720516] PCCT header not found.
[   26.771983] ACPI: bus type PCI registered
[   26.840855] acpiphp: ACPI Hot Plug PCI Controller Driver version: 0.5
[   26.962470] PCI: Using configuration type 1 for base access
[   27.066286] ACPI: Added _OSI(Module Device)
[   27.145452] ACPI: Added _OSI(Processor Device)
[   27.229258] ACPI: Added _OSI(3.0 _SCP Extensions)
[   27.321246] ACPI: Added _OSI(Processor Aggregator Device)
[   27.423218] ACPI: Executed 1 blocks of module-level executable AML code
[   27.560131] ACPI: Interpreter enabled
[   27.615772] ACPI: (supports S0 S5)
[   27.625330] ACPI: Using IOAPIC for interrupt routing
[   27.671167] PCI: Using host bridge windows from ACPI; if necessary, use "pci=nocrs" and report a bug
[   27.740533] ACPI: PCI Root Bridge [PCI0] (domain 0000 [bus 00-ff])
[   27.786848] acpi PNP0A03:00: _OSC: OS supports [ASPM ClockPM Segments MSI]
[   27.848577] acpi PNP0A03:00: _OSC failed (AE_NOT_FOUND); disabling ASPM
[   27.908141] acpi PNP0A03:00: fail to add MMCONFIG information, can't access extended PCI configuration space under this bridge.
[   28.127086] PCI host bridge to bus 0000:00
[   28.195178] pci_bus 0000:00: root bus resource [io  0x0000-0x0cf7 window]
[   28.314897] pci_bus 0000:00: root bus resource [io  0x0d00-0xffff window]
[   28.417381] pci_bus 0000:00: root bus resource [mem 0x000a0000-0x000bffff window]
[   28.521478] pci_bus 0000:00: root bus resource [mem 0x40000000-0xffdfffff window]
[   28.673992] pci_bus 0000:00: root bus resource [bus 00-ff]
[   28.721039] pci 0000:00:01.1: legacy IDE quirk: reg 0x10: [io  0x01f0-0x01f7]
[   28.781593] pci 0000:00:01.1: legacy IDE quirk: reg 0x14: [io  0x03f6]
[   28.893225] pci 0000:00:01.1: legacy IDE quirk: reg 0x18: [io  0x0170-0x0177]
[   29.008443] pci 0000:00:01.1: legacy IDE quirk: reg 0x1c: [io  0x0376]
[   29.140148] ACPI: PCI Interrupt Link [LNKA] (IRQs 5 9 10 11) *0, disabled.
[   29.273537] ACPI: PCI Interrupt Link [LNKB] (IRQs 5 9 10 *11)
[   29.372211] ACPI: PCI Interrupt Link [LNKC] (IRQs 5 9 *10 11)
[   29.465387] ACPI: PCI Interrupt Link [LNKD] (IRQs 5 *9 10 11)
[   29.565850] ACPI: Enabled 2 GPEs in block 00 to 07
[   29.624236] vgaarb: setting as boot device: PCI:0000:00:02.0
[   29.717484] vgaarb: device added: PCI:0000:00:02.0,decodes=io+mem,owns=io+mem,locks=none
[   29.811996] vgaarb: loaded
[   29.833780] vgaarb: bridge control possible 0000:00:02.0
[   29.907304] SCSI subsystem initialized
[   29.979315] ACPI: bus type USB registered
[   30.043123] usbcore: registered new interface driver usbfs
[   30.137702] usbcore: registered new interface driver hub
[   30.166569] usbcore: registered new device driver usb
[   30.168453] PCI: Using ACPI for IRQ routing
[   30.239488] NetLabel: Initializing
[   30.304265] NetLabel:  domain hash size = 128
[   30.368431] NetLabel:  protocols = UNLABELED CIPSOv4
[   30.453744] NetLabel:  unlabeled traffic allowed by default
[   30.533841] amd_nb: Cannot enumerate AMD northbridges
[   30.647143] clocksource: Switched to clocksource kvm-clock
[   3.771 AArorApArmor Filest Eabd  1.60] p:nPCPin
  1.15] p:nPCP: fond 3 devce

[   32.122505] clocksource: acpi_pm: mask: 0xffffff max_cycles: 0xffffff, max_idle_ns: 2085701024 ns
[   32.389416] NET: Registered protocol family 2
[   32.532268] TCP established hash table entries: 8192 (order: 4, 65536 bytes)
[   32.718923] TCP bind hash table entries: 8192 (order: 5, 131072 bytes)
[   32.930793] TCP: Hash tables configured (established 8192 bind 8192)
[   33.069148] UDP hash table entries: 512 (order: 2, 16384 bytes)
[   33.093455] UDP-Lite hash table entries: 512 (order: 2, 16384 bytes)
[   33.199064] NET: Registered protocol family 1
[   33.339001] pci 0000:00:00.0: Limiting direct PCI/PCI transfers
[   33.528972] pci 0000:00:01.0: Activating ISA DMA hang workarounds
[   33.704955] Trying to unpack rootfs image as initramfs...
[   35.531484] Freeing initrd memory: 10460K (ffff880036b82000 - ffff8800375b9000)
[   35.738936] platform rtc_cmos: registered platform RTC device (no PNP device found)
[   35.978140] Scanning for low memory corruption every 60 seconds
[   36.159436] futex hash table entries: 512 (order: 3, 32768 bytes)
[   36.328981] audit: initializing netlink subsys (disabled)
[   36.342884] audit: type=2000 audit(1484176134.285:1): initialized
[   36.365567] Initialise system trusted keyring
[   36.468324] HugeTLB registered 2 MB page size, pre-allocated 0 pages
[   36.646999] zbud: loaded
[   36.713916] VFS: Disk quotas dquot_6.6.0
[   36.833225] tsc: Refined TSC clocksource calibration: 2195.512 MHz
[   37.004771] clocksourc:: tsc: mask: 0xffffffffffffffff max_cycles: 0x1fa5a343474, max_idle_ns: 440795267523 ns
[   37.004881] VFS: Dquot-cache hash table entries: 512 (order 0, 4096 bytes)
[   37.005115] squashfs: version 4.0 (2009/01/31) Phillip Lougher
[   37.332875] fuse init (API version 7.23)
[   37.333025] Key type big_key registered
[   37.333043] Allocating IMA MOK and blacklist keyrings.
[   37.333231] Key type asymmetric registered
[   37.333237] Asymmetric key parser 'x509' registered
[   37.333270] Block layer SCSI generic (bsg) driver version 0.4 loaded (major 249)
[   37.333306] io scheduler noop registered
[   37.333308] io scheduler deadline registered (default)
[   37.333336] io scheduler cfq registered
[   37.333422] pci_hotplug: PCI Hot Plug PCI Core version: 0.5
[   37.333426] pciehp: PCI Express Hot Plug Controller Driver version: 0.4
[   37.333772] ACPI: AC Adapter [AC] (off-line)
[   37.333825] input: Power Button as /devices/LNXSYSTM:00/LNXPWRBN:00/input/input0
[   37.333827] ACPI: Power Button [PWRF]
[   37.333905] input: Sleep Button as /devices/LNXSYSTM:00/LNXSLPBN:00/input/input1
[   37.333907] ACPI: Sleep Button [SLPF]
[   37.334030] GHES: HEST is not enabled!
[   37.335034] ACPI: Battery Slot [BAT0] (battery present)
[   37.335074] Serial: 8250/16550 driver, 32 ports, IRQ sharing enabled
[   37.446732] 00:02: ttyS0 at I/O 0x3f8 (irq = 4, base_baud = 115200) is a 16550A
[   37.460421] Linux agpgart interface v0.103
[   37.612209] brd: module loaded
[   37.612849] loop: module loaded
[   37.613341] scsi host0: ata_piix
[   37.613389] scsi host1: ata_piix
[   37.613413] ata1: PATA max UDMA/33 cmd 0x1f0 ctl 0x3f6 bmdma 0xd000 irq 14
[   37.613414] ata2: PATA max UDMA/33 cmd 0x170 ctl 0x376 bmdma 0xd008 irq 15
[   37.613479] libphy: Fixed MDIO Bus: probed
[   37.613481] tun: Universal TUN/TAP device driver, 1.6
[   37.613481] tun: (C) 1999-2004 Max Krasnyansky <maxk@qualcomm.com>
[   37.613772] PPP generic driver version 2.4.2
[   37.613832] ehci_hcd: USB 2.0 'Enhanced' Host Controller (EHCI) Driver
[   37.613836] ehci-pci: EHCI PCI platform driver
[   37.613849] ehci-platform: EHCI generic platform driver
[   37.613856] ohii_hcd: USB 1.1 'Open' Host Controller (OHCI) Driver
[   37.613859] ohci-pci: OHCI PCI platform driver
[   37.613867] ohci-platform: OHCI generic platform driver
[   37.613872] uhci_hcd: USB Universal Host Controller Interface driver
[   37.613922] i8042: PNP: PS/2 Controller [PNP0303:PS2K,PNP0f03:PS2M] at 0x60,0x64 irq 1,12
[   37.614340] serio: i8042 KBD port at 0x60,0x64 irq 1
[   37.614343] serio: i8042 AUX port at 0x60,0x64 irq 12
[   37.614423] mousedev: PS/2 mouse device common for all mice
[   37.614690] input: AT Translated Set 2 keyboard as /devices/platform/i8042/serio0/input/input2
[   37.615000] rtc_cmos rtc_cmos: rtc core: registered rtc_cmos as rtc0
[   37.615050] rtc_cmos rtc_cmos: alarms up to one day, 114 bytes nvram
[   37.615054] i2c /dev entries driver
[   37.615099] device-mapper: uevent: version 1.0.3
[   37.615141] device-mapper: ioctl: 4.34.0-ioctl (2015-10-28) initialised: dm-devel@redhat.com
[   37.615155] ledtrig-cpu: registered to indicate activity on CPUs
[   37.615364] NET: Registered protocol famlly 10
[   37.615504] NET: Registered protocol family 17
[   37.615513] Key type dns_resolver registered
[   37.615629] microcode: CPU0 sig=0x40661, pf=0x40, revision=0x0
[   37.715640] microcode: CPU1 sig=0x40661, pf=0x40, revision=0x0
[   37.715716] microcode: Microcode Update Driver: v2.01 <tigran@aivazian.fsnet.co.uk>, Peter Oruba
[   37.715851] registered taskstats version 1
[   37.715867] Loading compiled-in X.509 certificates
[   37.716437] Loaded X.509 cert 'Build time autogenerated kernel key: a2268f7e4ca1e818c997a5071614f42c2a90855b'
[   37.716457] zswap: loaded using pool lzo/zbud
[   37.717996] Key type trusted registered
[   37.719899] Key type encrypted registered
[   37.719905] AppArmor: AppArmor sha1 policy hashing enabled
[   37.719908] ima: No TPM chip found, activating TPM-bypass!
[   37.719928] evm: HMAC attrs: 0x1
[   37.720158]   Magic number: 1:851:200
[   37.792648] rtc_cmos rtc_cmos: setting system clock to 2017-01-11 23:09:20 UTC (1484176160)
[   37.792752] BIOS EDD facility v0.16 2004-Jun-25, 0 devices found
[   37.792752] EDD information not available.
[   43.815542] Freeing unused kernel memory: 1484K (ffffffff81f44000 - ffffffff820b7000)
[   45.704910] Write protecting the kernel read-only data: 14336k
[   45.837356] Freeing unused kernel memory: 1796K (ffff88000183f000 - ffff880001a00000)
[   46.019738] Freeing unused kernel memory: 136K (ffff880001dde000 - ffff880001e00000)
Loading, please wait...
starting version[   46.168730] random: systemd-udevd: uninitialized urandom read (16 bytes read, 5 bits of entropy available)
 229
[   46.169438] random: udevadm: uninitialized urandom read (16 bytes read, 5 bits of entropy available)
[   46.169592] random: udevadm: uninitialized urandom read (16 bytes read, 5 bits of entropy available)
[   46.169876] random: udevadm: uninitialized urandom read (16 bytes read, 5 bits of entropy available)
[   46.169935] random: udevadm: uninitialized urandom read (16 bytes read, 5 bits of entropy available)
[   46.169988] random: udevadm: uninitialized urandom read (16 bytes read, 5 bits of entropy available)
[   46.170042] random: udevadm: uninitialized urandom read (16 bytes read, 5 bits of entropy available)
[   46.170127] random: udevadm: uninitialized urandom read (16 bytes read, 5 bits of entropy available)
[   46.170166] random: udevadm: uninitialized urandom read (16 bytes read, 5 bits of entropy available)
[   46.170243] random: udevadm: uninitialized urandom read (16 bytes read, 5 bits of entropy available)
[   47.720010] Fusion MPT base driver 3.04.20
[   47.870612] Copyright (c) 1999-2008 LSI Corporation
[   48.003886] e1000: Intel(R) PRO/1000 Network Driver - version 7.3.21-k8-NAPI
[   48.098723] e1000: Copyright (c) 1999-2006 Intel Corporation.
[   48.229057] Fusion MPT SPI Host driver 3.04.20
[   48.324868] AVX version of gcm_enc/dec engaged.
[   48.345678] AES CTR mode by8 optimization enabled
[   48.520871] input: ImExPS/2 Generic Explorer Mouse as /devices/platform/i8042/serio1/input/input4
[   48.684987] e1000 0000:00:03.0 eth0: (PCI:33MHz:32-bit) 02:8d:d1:11:f3:43
[   48.825733] e1000 0000:00:03.0 eth0: Intel(R) PRO/1000 Network Connection
[   48.958503] mptbase: ioc0: Initiating bringup
[   49.105459] e1000 0000:00:03.0 enp0s3: renamed from eth0
[   49.287691] ioc0: LSI53C1030 A0: Capabilities={Initiator}
[   49.595309] scsi host2: ioc0: LSI53C1030 A0, FwRev=00000000h, Ports=1, MaxQ=256, IRQ=20
[   49.908341] scsi 2:0:0:0: Direct-Access     VBOX     HARDDISK         1.0  PQ: 0 ANSI: 5
[   51.214545] scsi target2:0:0: Beginning Domain Validation
[   51.214549] floppy0: no floppy controllers found
[   51.214596] work still pending
[   51.489362] scsi target2:0:0: Domain Validation skipping write tests
[   51.615986] scsi target2:0:0: Ending Domain Validation
[   51.644892] scsi target2:0:0: asynchronous
[   51.730105] scsi 2:0:1:0: Direct-Access     VBOX     HARDDISK         1.0  PQ: 0 ANSI: 5
[   51.909026] scsi target2:0:1: Beginning Domain Validation
[   52.026506] scsi target2:0:1: Domain Validation skipping write tests
[   52.167456] scsi target2:0:1: Ending Domain Validation
[   52.289625] scsi target2:0:1: asynchronous
[   52.406944] sd 2:0:0:0: Attached scsi generic sg0 type 0
[   52.504684] sd 2:0:1:0: [sdb] 20480 512-byte logical blocks: (10.5 MB/10.0 MiB)
[   52.504687] sd 2:0:0:0: [sda] 20971520 512-byte logical blocks: (10.7 GB/10.0 GiB)
[   52.657189] sd 2:0:1:0: Attached scsi generic sg1 type 0
[   52.825331] sd 2:0:0:0: [sda] Write Protect is off
[   52.825485] sd 2:0:1:0: [sdb] Write Protect is off
[   52.825705] sd 2:0:1:0: [sdb] Incomplete mode parameter data
[   52.825707] sd 2:0:1:0: [sdb] Assuming drive cache: write through
[   53.130050] sd 2:0:1:0: [sdb] Attached SCSI disk
[   53.604345] sd 2:0:0:0: [sda] Incomplete mode parameter data
[   53.767420] sd 2:0:0:0: [sda] Assuming drive cache: write through
[   53.799936]  sda: sda1
[   53.805274] sd 2:0:0:0: [sda] Attached SCSI disk
Begin: Loading e[   55.158728] md: linear personality registered for level -1
ssential drivers[   55.351699] md: multipath personality registered for level -4
 ... [   55.481312] md: raid0 personality registered for level 0
[   55.695833] md: raid1 personality registered for level 1
[   55.887287] raid6: sse2x1   gen()  8846 MB/s
[   56.027448] raid6: sse2x1   xor()  7128 MB/s
[   56.159711] raid6: sse2x2   gen() 10743 MB/s
[   56.315156] raid6: sse2x2   xor()  7759 MB/s
[   56.479790] raid6: sse2x4   gen() 12849 MB/s
[   56.639193] raid6: sse2x4   xor()  8433 MB/s
[   56.738929] raid6: using algorithm sse2x4 gen() 12849 MB/s
[   56.865552] raid6: .... xor() 8433 MB/s, rmw enabled
[   56.972242] raid6: using ssse3x2 recovery algorithm
[   57.065056] xor: automatically using best checksumming function:
[   57.171215]    avx       : 24606.000 MB/sec
[   57.268603] async_tx: api initialized (async)
[   57.382900] md: raid6 personality registered for level 6
[   57.618397] md: raid5 personality registered for level 5
[   57.764674] md: raid4 personality registered for level 4
[   57.936373] md: raid10 personality registered for level 10
done.
Begin: Running /scripts/init-premount ... done.
Begin: M[   58.089115] Btrfs loaded
ounting root file system ... Begin: Running /scripts/local-top ... done.
Begin: Running /scripts/local-premount[   58.145831] EXT4-fs (sda1): mounted filesystem with ordered data mode. Opts: (null)
 ... Scanning for Btrfs filesystems
done.
Warning: fsck not present, so skipping root file system
done.
Begin: Running /scripts/local-bottom ... done.
Begin: Running /scripts/init-bottom ... done.
[   58.297438] systemd[1]: systemd 229 running in system mode. (+PAM +AUDIT +SELINUX +IMA +APPARMOR +SMACK +SYSVINIT +UTMP +LIBCRYPTSETUP +GCRYPT +GNUTLS +ACL +XZ -LZ4 +SECCOMP +BLKID +ELFUTILS +KMOD -IDN)
[   58.834762] systemd[1]: Detected virtualization oracle.
[   58.972775] systemd[1]: Detected architecture x86-64.

Welcome to [1mUbuntu 16.04.1 LTS[0m!

[   59.174996] systemd[1]: Set hostname to <ubuntu>.
[   59.178198] systemd[1]: Initializing machine ID from random generator.
[   59.179361] systemd[1]: Installed transient /etc/machine-id file.
[   59.248814] systemd[1]: Reached target User and Group Name Lookups.
[[0;32m  OK  [0m] Reached target User and Group Name Lookups.
[   59.299372] systemd[1]: Started Forward Password Requests to Wall Directory Watch.
[[0;32m  OK  [0m] Started Forward Password Requests to Wall Directory Watch.
[   59.349049] systemd[1]: Created slice User and Session Slice.
[[0;32m  OK  [0m] Created slice User and Session Slice.
[   59.572046] systemd[1]: Listening on Syslog Socket.
[[0;32m  OK  [0m] Listening on Syslog Socket.
[   59.770620] systemd[1]: Listening on udev Control Socket.
[[0;32m  OK  [0m] Listening on udev Control Socket.
[   59.999834] systemd[1]: Listening on LVM2 poll daemon socket.
[[0;32m  OK  [0m] Listening on LVM2 poll daemon socket.
[   60.168336] systemd[1]: Listening on Journal Socket (/dev/log).
[[0;32m  OK  [0m] Listening on Journal Socket (/dev/log).
[   60.355456] systemd[1]: Listening on Journal Audit Socket.
[[0;32m  OK  [0m] Listening on Journal Audit Socket.
[   60.387904] systemd[1]: Listening on /dev/initctl Compatibility Named Pipe.
[[0;32m  OK  [0m] Listening on /dev/initctl Compatibility Named Pipe.
[   60.435904] systemd[1]: Reached target Encrypted Volumes.
[[0;32m  OK  [0m] Reached target Encrypted Volumes.
[   60.639701] systemd[1]: Listening on Journal Socket.
[[0;32m  OK  [0m] Listening on Journal Socket.
[   60.824144] systemd[1]: Listening on Device-mapper event daemon FIFOs.
[[0;32m  OK  [0m] Listening on Device-mapper event daemon FIFOs.
[   61.075751] systemd[1]: Listening on LVM2 metadata daemon socket.
[[0;32m  OK  [0m] Listening on LVM2 metadata daemon socket.
[   61.303972] systemd[1]: Created slice System Slice.
[[0;32m  OK  [0m] Created slice System Slice.
[   61.444972] systemd[1]: Created slice system-serial\x2dgetty.slice.
[[0;32m  OK  [0m] Created slice system-serial\x2dgetty.slice.
[   61.487773] systemd[1]: Starting Journal Service...
         Starting Journal Service...
[   61.655709] systemd[1]: Mounting Debug File System...
         Mounting Debug File System...
[   61.891840] systemd[1]: Starting Remount Root and Kernel File Systems...
[   61.895384] EXT4-fs (sda1): re-mounted. Opts: (null)
         Starting Remount Root and Kernel File Systems...
[   62.327726] systemd[1]: Mounting POSIX Message Queue File System...
         Mounting POSIX Message Queue File System...
[   62.559435] systemd[1]: Starting Set console keymap...
         Starting Set console keymap...
[   62.647825] systemd[1]: Starting Uncomplicated firewall...
         Starting Uncomplicated firewall...
[   62.819550] systemd[1]: Mounting Huge Pages File System...
         Mounting Huge Pages File System...
[   63.051915] systemd[1]: Starting Monitoring of LVM2 mirrors, snapshots etc. using dmeventd or progress polling...
[   63.052485] random: nonblocking pool is initialized
         Starting Monitoring of LVM2 mirrors... dmeventd or progress polling...
[   63.507599] systemd[1]: Starting Create list of required static device nodes for the current kernel...
         Starting Create list of required st... nodes for the current kernel...
[   63.651921] systemd[1]: Starting Load Kernel Modules...
         Startin[   63.702275] Loading iSCSI transport class v2.0-870.
g Load Kernel Mo[   63.829007] iscsi: registered transport (tcp)
dules...
[   63.935561] systemd[1]: Listening on udev Kernel Socket.
[[0;32m  OK  [0m] Listening on[   64.067287] iscsi: registered transport (iser)
 udev Kernel Socket.
[   64.180174] systemd[1]: Set up automount Arbitrary Executable File Formats iile System Automount Point.
[[0;32m  OK  [0m] Set up automount Arbitrary Executab...ats File System Automount Point.
[   64.524298] systemd[1]: Reached target Swap.
[[0;32m  OK  [0m] Reached target Swap.
[   64.687803] systemd[1]: Starting Nameserver information manager...
         Starting Nameserver information manager...
[   64.727092] systemd[1]: Reached target Slices.
[[0;32m  OK  [0m] Reached target Slices.
[   64.743560] systemd[1]: Mounted Debug File System.
[[0;32m  OK  [0m] Mounted Debug File System.
[   64.745808] systemd[1]: Mounted POSIX Message Queue File System.
[[0;32m  OK  [0m] Mounted POSIX Message Queue File System.
[   64.795963] systemd[1]: Mounted Huge Pages File System.
[[0;32m  OK  [0m] Mounted Huge Pages File System.
[   64.991815] systemd[1]: Started Journal Service.
[[0;32m  OK  [0m] Started Journal Service.
[[0;32m  OK  [0m] Started Remount Root and Kernel File Systems.
[[0;32m  OK  [0m] Started Set console keymap.
[[0;32m  OK  [0m] Started Uncomplicated firewall.
[[0;32m  OK  [0m] Started Create list of required sta...ce nodes for the current kernel.
[[0;32m  OK  [0m] Started Load Kernel Modules.
[[0;32m  OK  [0m] Started Nameserver information manager.
[[0;32m  OK  [0m] Started LVM2 metadata daemon.
         Mounting FUSE Control File System...
         Starting Apply Kernel Variables...
         Starting Create Static Device Nodes in /dev...
         Starting udev Coldplug all Devices...
         Starting Load/Save Random Seed...
         Starting Initial cloud-init job (pre-networking)...
         Starting Flush Journal to Persistent Storage...
[[0;32m  OK  [0m] Mounted FUSE Control File System.
[[0;32m  OK  [0m] Started Monitoring of LVM2 mirrors,...ng dmeventd or progress polling.
[[0;32m  OK  [0m] Started Apply Kernel Variables.
[[0;32m  OK  [0m] Started Create Static Device Nodes in /dev.
[[0;32m  OK  [0m] Started Load/Save Random Seed.
[[0;32m  OK  [0m] Started udev Coldplug all Devices.
[[0;32m  OK  [0m] Started Flush Journal to Persistent Storage.
         Starting udev Kernel Device Manager...
[[0;32m  OK  [0m] Started udev Kernel Device Manager.
[[0;32m  OK  [0m] Reached target Local File Systems (Pre).
[[0;32m  OK  [0m] Reached target Local File Systems.
         Starting LSB: AppArmor initialization...
         Starting Commit a transient machine-id on disk...
         Starting Tell Plymouth To Write Out Runtime Data...
[   36.397515] cloud-init[481]: Cloud-init v. 0.7.8 running 'init-local' at Wed, 11 Jan 2017 23:09:48 +0000. Up 36.10 seconds.
         Starting Create Volatile Files and Directories...
         Starting Set console font and keymap...
[[0;32m  OK  [0m] Started Dispatch Password Requests to Console Directory Watch.
[[0;32m  OK  [0m] Started Commit a transient machine-id on disk.
[[0;32m  OK  [0m] Started Tell Plymouth To Write Out Runtime Data.
[[0;32m  OK  [0m] Started Create Volatile Files and Directories.
[[0;32m  OK  [0m] Started Set console font and keymap.
[[0;32m  OK  [0m] Started Initial cloud-init job (pre-networking).
[[0;32m  OK  [0m] Found device /dev/ttyS0.
[[0;32m  OK  [0m] Listening on Load/Save RF Kill Switch Status /dev/rfkill Watch.
[[0;32m  OK  [0m] Reached target Network (Pre).
[[0;32m  OK  [0m] Created slice system-getty.slice.
         Starting Update UTMP about System Boot/Shutdown...
[[0;32m  OK  [0m] Reached target System Time Synchronized.
[[0;32m  OK  [0m] Started LSB: AppArmor initialization.
[[0;32m  OK  [0m] Started Update UTMP about System Boot/Shutdown.
         Starting Raise network interfaces...
[[0;32m  OK  [0m] Started Raise network interfaces.
         Starting Initial cloud-init job (metadata service crawler)...
[[0;32m  OK  [0m] Reached target Network.
[   40.256435] cloud-init[1038]: Cloud-init v. 0.7.8 running 'init' at Wed, 11 Jan 2017 23:09:52 +0000. Up 39.68 seconds.
[[0;32m  OK  [0m] Started Initial cloud-init job (metadata service crawler).
[   40.360088] cloud-init[1038]: ci-info: +++++++++++++++++++++++++++++++++++++Net device info++++++++++++++++++++++++++++++++++++++
[   40.653625] cloud-init[1038]: ci-info: +--------+------+----------------------------+---------------+-------+-------------------+
[   40.776635] cloud-init[1038]: ci-info: | Device |  Up  |          Address           |      Mask     | Scope |     Hw-Address    |
[   40.876642] cloud-init[1038]: ci-info: +--------+------+----------------------------+---------------+-------+-------------------+
[[0;32m  OK  [0m] Reached target System Initialization.
[[0;32m  OK  [0m] Listening on D-Bus System Message Bus Socket.
[   40.980918] cloud-init[1038]: ci-info: | enp0s3 | True |         10.0.2.15          | 255.255.255.0 |   .   | 02:8d:d1:11:f3:43 |
[   41.392652] cloud-init[1038]: ci-info: | enp0s3 | True | fe80::8d:d1ff:fe11:f343/64 |       .       |  link | 02:8d:d1:11:f3:43 |
[[0;32m  OK  [0m] Listening on ACPID Listen Socket.
[[0;32m  OK  [0m] Started Trigger resolvconf update for networkd DNS.
[   41.520065] cloud-init[1038]: ci-info: |   lo   | True |         127.0.0.1          |   255.0.0.0   |   .   |         .         |
[   41.764613] cloud-init[1038]: ci-info: |   lo   | True |          ::1/128           |       .       |  host |         .         |
[[0;32m  OK  [0m] Started Timer to automatically refresh installed snaps.
[[0;32m  OK  [0m] Started Daily Cleanup of Temporary Directories.
[   41.872397] cloud-init[1038]: ci-info: +--------+------+----------------------------+---------------+-------+-------------------+
[   42.084682] cloud-init[1038]: ci-info: +++++++++++++++++++++++++++Route IPv4 info++++++++++++++++++++++++++++
         Starting LXD - unix socket.
[[0;32m  OK  [0m] Started Daily apt activities.
[   42.193078] cloud-init[1038]: ci-info: +-------+-------------+----------+---------------+-----------+-------+
[   42.375683] cloud-init[1038]: ci-info: | Route | Destination | Gateway  |    Genmask    | Interface | Flags |
[[0;32m  OK  [0m] Reached target Timers.
[   42.376389] [cloud-init[0;32m  OK  [0m[1038]: ] ci-info: +-------+-------------+----------+---------------+-----------+-------+Listening on UUID daemon activation socket.

         Starting Socket activation for snappy daemon.
[   42.408805] cloud-init[1038]: ci-info: |   0   |   0.0.0.0   | 10.0.2.2 |    0.0.0.0    |   enp0s3  |   UG  |
[   42.573353] [cloud-init[0;32m  OK  [0m[1038]: ] ci-info: |   1   |   10.0.2.0  | 0.0.0.0  | 255.255.255.0 |   enp0s3  |   U   |Started ACPI Events Check.

[[0;32m  OK  [0m] Reached target Paths.
[[0;32m  OK  [0m] Reached target Network is Online.
[   42.574223] cloud-init[1038]: ci-info: +-------+-------------+----------+---------------+-----------+-------+
[   42.869128]          cloud-initStarting iSCSI initiator daemon (iscsid)...[1038]: 
Generating public/private rsa key pair.
[   42.959120] [cloud-init[0;32m  OK  [0m[1038]: ] Your identification has been saved in /etc/ssh/ssh_host_rsa_key.Reached target Cloud-config availability.

[[0;32m  OK  [0m] Listening on LXD - unix socket.
[[0;32m  OK  [0m] Listening on Socket activation for snappy daemon.
[   42.959766] cloud-init[1038]: Your public key has been saved in /etc/ssh/ssh_host_rsa_key.pub.
[   43.220810] [cloud-init[0;32m  OK  [0m[1038]: ] The key fingerprint is:Reached target Sockets.

[[0;32m  OK  [0m] Reached target Basic System.
[   43.221481] cloud-init[1038]: SHA256:gNep1/fZhNzGKJCFkqlzpnRHe9Hg7fCeVPbbmKULZNM root@ubuntu-xenial
[   43.372903]          cloud-initStarting System Logging Service...[1038]: 
The key's randomart image is:
[   43.404670] [cloud-init[0;32m  OK  [0m[1038]: ] +---[RSA 2048]----+Started Snappy daemon.

[   43.405170] cloud-init[1038]: |         o .oo   |
[   43.443385] cloud-init[1038]: |     . .+.o+...  |
[   43.444808] cloud-init[1038]: |    . o.ooo.o.. o|
[   43.446143] cloud-init[1038]: |     .+o+.o..* B.|
[   43.447463] cloud-init         Starting Apply the settings specified in cloud-config...
[1038]: |     ..*S...* E B|
[   43.504693]          Starting LSB: Record successful boot for GRUB...
cloud-init[1038]: |      ..   + * @o|
         Starting LSB: MD monitoring daemon...
[   43.558738] cloud-init[1038]: |            . O.o|
         Starting Auto import assertions from block devices...
[   43.657648] cloud-init[1038]: |             . . |
[   43.748682] cloud-init[1038]: |              .  |
[   43.795938] cloud-init[1038]: +----[SHA256]-----+
[   43.796012] cloud-init[1038]: Generating public/private dsa key pair.
[[0;32m  OK  [0m] Started Deferred execution scheduler.
[   43.796296] cloud-init[1038]: Your identification has been saved in /etc/ssh/ssh_host_dsa_key.
[   43.878707] cloud-init[1038]: Your public key has been saved in /etc/ssh/ssh_host_dsa_key.pub.
[[0;32m  OK  [0m] Started FUSE filesystem for LXC.
[   43.879022] cloud-init[1038]: The key fingerprint is:
[   43.903059] cloud-init[1038]: SHA256:Zu2bkYT4wxCdZQCrFOVEUnEeaU+RKDralmr2Tmlqyk0 root@ubuntu-xenial
[   43.903317] cloud-init[1038]: The key's randomart image is:
[   43.903463] cloud-init[1038]: +---[DSA 1024]----+
[   43.903594] cloud-init[1038]: |    o+Bo+++o     |
[   43.903731] cloud-init[1038]: |     =.=+=o      |
[   43.903872] cloud-init[1038]: |    ..+o+o       |
[   43.904051] cloud-init[1038]: |   .o. o o.      |
[   43.904162] cloud-init[1038]: |   o.oo S o      |
[   43.904300] cloud-init[1038]: |  . +. * o .     |
[   43.904439] cloud-init[1038]: |   E+   + +      |
[   43.904582] cloud-init[1038]: |. B+     . +     |
[   43.904720] cloud-init[1038]: |.*.+o     o      |
[   43.904859] cloud-init[1038]: +----[SHA256]-----+
[   43.905000] cloud-init[1038]: Generating public/private ecdsa key pair.
[   43.905140] cloud-init[1038]: Your identification has been saved in /etc/ssh/ssh_host_ecdsa_key.
[   43.905279] cloud-init[1038]: Your public key has been saved in /etc/ssh/ssh_host_ecdsa_key.pub.
[   43.905419] cloud-init[1038]: The key fingerprint is:
[   43.905558] cloud-init[1038]: SHA256:l984JstwK0k5dwdCIXdpu3XfZnsR2U7/8RwekgPLDkk root@ubuntu-xenial
[   43.905699] cloud-init[1038]: The key's randomart image is:
[   43.905838] cloud-init[1038]: +---[ECDSA 256]---+
[   43.905978] cloud-init[1038]: |        . o...   |
[   43.906119] cloud-init[1038]: |         o..o    |
[   43.906259] cloud-init[1038]: |         . . .  o|
[   43.906401] cloud-init[1038]: |         E.oo .o+|
[   43.906540] cloud-init[1038]: |        S.=.o+.+=|
[   43.906680] cloud-init[1038]: |        ++.+o*.=B|
[   43.906820] cloud-init[1038]: |       ..+=.=.=+O|
[   43.906959] cloud-init[1038]: |        o+ * . o=|
[   43.907099] cloud-init[1038]: |         .+     .|
[   43.907239] cloud-init[1038]: +----[SHA256]-----+
[   43.907378] cloud-init[1038]: Generating public/private ed25519 key pair.
[   43.907519] cloud-init[1038]: Your identification has been saved in /etc/ssh/ssh_host_ed25519_key.
[   43.907658] cloud-init[1038]: Your public key has been saved in /etc/ssh/ssh_host_ed25519_key.pub.
[   43.907799] cloud-init[1038]: The key fingerprint is:
         Starting Pollinate to seed the pseudo random number generator...
[   43.907937] cloud-init[1038]: SHA256:pfF9ctcyXccl3f+oOWotllqZJsnZfLJhAtsTYVUY7d0 root@ubuntu-xenial
[   44.712937] cloud-init[1038]: The key's randomart image is:
[   44.713375] cloud-init[1038]: +--[ED25519 256]--+
         Starting Login Service...
[   44.713568] cloud-init[1038]: |          o=. ..o|
[[   44.844305] cloud-init[1038]: |         .. .  o+|
[   44.844818] cloud-init[1038]: |        + .. . .=|
[0;32m  OK  [0m] Started ACPI event daemon.
[   44.844987] cloud-init[1038]: |       . * .. ..E|
[   44.874592] cloud-init[1038]: |      . S . o =.=|
[   44.875802] cloud-init[1038]: |       = * o +.+.|
[[   44.916216] cloud-init[1038]: |      . O @o.o   |
[   44.916515] cloud-init[1038]: |         B===    |
[   44.916560] cloud-init[1038]: |        .+oo .   |
[   44.916599] cloud-init[1038]: +----[SHA256]-----+
[   44.918063] cloud-init[1144]: Generating locales (this might take a while)...
[   44.918144] cloud-init[1144]:   en_US.UTF-8... done
[   44.918217] cloud-init[1144]: Generation complete.
[0;32m  OK  [0m] Started D-Bus System Message Bus.
         Starting Accounts Service...
[[0;32m  OK  [0m] Started Regular background program processing daemon.
         Starting /etc/rc.local Compatibility...
         Starting LXD - container startup/shutdown...
[[0;32m  OK  [0m] Started System Logging Service.
[[0;32m  OK  [0m] Started iSCSI initiator daemon (iscsid).
[[0;32m  OK  [0m] Started Auto import assertions from block devices.
[[0;32m  OK  [0m] Started Pollinate to seed the pseudo random number generator.
[[0;32m  OK  [0m] Started /etc/rc.local Compatibility.
[[0;32m  OK  [0m] Started LXD - container startup/shutdown.
[[0;32m  OK  [0m] Started LSB: Record successful boot for GRUB.
[[0;32m  OK  [0m] Started LSB: MD monitoring daemon.
[[0;32m  OK  [0m] Started Login Service.
         Starting Authenticate and Authorize Users to Run Privileged Tasks...
[[0;32m  OK  [0m] Stopped OpenBSD Secure Shell server.
         Starting OpenBSD Secure Shell server...
         Starting Login to default iSCSI targets...
[[0;32m  OK  [0m] Started OpenBSD Secure Shell server.
[[0;32m  OK  [0m] Started Authenticate and Authorize Users to Run Privileged Tasks.
[[0;32m  OK  [0m] Started Accounts Service.
[[0;32m  OK  [0m] Started Login to default iSCSI targets.
[[0;32m  OK  [0m] Reached target Remote File Systems (Pre).
[[0;32m  OK  [0m] Reached target Remote File Systems.
         Starting LSB: automatic crash report generation...
[   45.944255] cloud-init[1144]: Cloud-init v. 0.7.8 running 'modules:config' at Wed, 11 Jan 2017 23:09:56 +0000. Up 43.74 seconds.
         Starting LSB: VirtualBox Linux Additions...
         Starting Permit User Sessions...
         Starting LSB: daemon to balance interrupts for SMP systems...
         Starting LSB: Set the CPU Frequency Scaling governor to "ondemand"...
[[0;32m  OK  [0m] Started Apply the settings specified in cloud-config.
[[0;32m  OK  [0m] Started Permit User Sessions.
         Starting Terminate Plymouth Boot Screen...
         Starting Hold until boot process finishes up...
[[0;32m  OK  [0m] Started LSB: automatic crash report generation.
[[0;32m  OK  [0m] Started LSB: VirtualBox Linux Additions.
[[0;32m  OK  [0m] Started LSB: daemon to balance interrupts for SMP systems.
[[0;32m  OK  [0m] Started LSB: Set the CPU Frequency Scaling governor to "ondemand".
[[0;32m  OK  [0m] Started Terminate Plymouth Boot Screen.
[[0;32m  OK  [0m] Started Hold until boot process finishes up.
[[0;32m  OK  [0m] Created slice User Slice of ubuntu.
         Starting User Manager for UID 1000...
[[0;32m  OK  [0m] Started Session 1 of user ubuntu.
[[0;32m  OK  [0m] Started Serial Getty on ttyS0.
[[0;32m  OK  [0m] Started Getty on tty1.
[[0;32m  OK  [0m] Reached target Login Prompts.
         Starting Set console scheme...
[[0;32m  OK  [0m] Reached target Multi-User System.
         Starting Execute cloud user/final scripts...
[[0;32m  OK  [0m] Reached target Graphical Interface.
         Starting Update UTMP about System Runlevel Changes...
[[0;32m  OK  [0m] Started User Manager for UID 1000.
[[0;32m  OK  [0m] Started Set console scheme.
[[0;32m  OK  [0m] Started Update UTMP about System Runlevel Changes.
ci-info: no authorized ssh keys fingerprints found for user ubuntu.
<14>Jan 11 23:10:00 ec2: 
<14>Jan 11 23:10:00 ec2: #############################################################
<14>Jan 11 23:10:00 ec2: -----BEGIN SSH HOST KEY FINGERPRINTS-----
<14>Jan 11 23:10:00 ec2: 1024 SHA256:Zu2bkYT4wxCdZQCrFOVEUnEeaU+RKDralmr2Tmlqyk0 root@ubuntu-xenial (DSA)
<14>Jan 11 23:10:00 ec2: 256 SHA256:l984JstwK0k5dwdCIXdpu3XfZnsR2U7/8RwekgPLDkk root@ubuntu-xenial (ECDSA)
<14>Jan 11 23:10:00 ec2: 256 SHA256:pfF9ctcyXccl3f+oOWotllqZJsnZfLJhAtsTYVUY7d0 root@ubuntu-xenial (ED25519)
<14>Jan 11 23:10:00 ec2: 2048 SHA256:gNep1/fZhNzGKJCFkqlzpnRHe9Hg7fCeVPbbmKULZNM root@ubuntu-xenial (RSA)
<14>Jan 11 23:10:00 ec2: -----END SSH HOST KEY FINGERPRINTS-----
<14>Jan 11 23:10:00 ec2: #############################################################
-----BEGIN SSH HOST KEY KEYS-----
ecdsa-sha2-nistp256 AAAAE2VjZHNhLXNoYTItbmlzdHAyNTYAAAAIbmlzdHAyNTYAAABBBIMqzBak5TNpfYf48QarJ6Yb0tL5mFp6V4+9UI43PQN7ktcJg5foP3RN3+eMJm69d6eu8MEX/iAAAn5nIYg/bFU= root@ubuntu-xenial
ssh-ed25519 AAAAC3NzaC1lZDI1NTE5AAAAIHpC67uPlIV9RkbSTJqjCPHLbAeWjEnEt3o7soWOqi14 root@ubuntu-xenial
ssh-rsa AAAAB3NzaC1yc2EAAAADAQABAAABAQDE2IXksE9EoBKGU5rnB3IhSVzNSYY/2dvHClvFFWye0cOemMnOzXtS6Q2iOJM1VejXfLRxOQpRD1AKNhNxWU+eGvl5nkqNjYGj/qNQViBQKBhC6qoq+UnMsJdECAENerkl4GYMMlwYIiGmCkjtX/kUzK2nrXTuWuxmerhNp+vmYSY2tR85iZCozf+bjtMjOJj1Lskk7MZ3NhY6ibiJX8xZJnRWNOwBSMoCxDksNsejO9brtV/PoIzdPEByNgivuPwsz5Pg/TAJPNrD9v1x7hq3H+tuuDwwCMBqlHz8fhnGx/PpXGSLg7n9+iE3MLyjYjD7r9gkt7TAZzJoi0uSvwrl root@ubuntu-xenial
-----END SSH HOST KEY KEYS-----
[   48.131107] cloud-init[1405]: Cloud-init v. 0.7.8 running 'modules:final' at Wed, 11 Jan 2017 23:10:00 +0000. Up 47.27 seconds.
[   48.176471] cloud-init[1405]: ci-info: no authorized ssh keys fingerprints found for user ubuntu.
[   48.228591] cloud-init[1405]: Cloud-init v. 0.7.8 finished at Wed, 11 Jan 2017 23:10:00 +0000. Datasource DataSourceNoCloud [seed=/dev/sdb][dsmode=net].  Up 48.11 seconds
[[0;32m  OK  [0m] Started Execute cloud user/final scripts.
[[0;32m  OK  [0m] Started Session 2 of user ubuntu.
[[0;32m  OK  [0m] Reached target Cloud-init target.

Ubuntu 16.04.1 LTS ubuntu-xenial ttyS0

ubuntu-xenial login: 